<?xml version="1.0" encoding="UTF-8"?>
<!-- Generated by org.testng.reporters.JUnitXMLReporter -->
<testsuite ignored="14" hostname="DESKTOP-H425LRN" failures="1" tests="10" name="AllTests" time="181.515" errors="0" timestamp="2022-05-21T19:12:55 EDT">
  <testcase classname="com.ecommerce.Testcases.IndexPageTest" name="verifyLogo" time="0.546"/>
  <testcase classname="com.ecommerce.Testcases.IndexPageTest" name="verifyTitle" time="0.032">
    <failure type="java.lang.AssertionError" message="expected [My Store1] but found [My Store]">
      <![CDATA[java.lang.AssertionError: expected [My Store1] but found [My Store]
at com.ecommerce.Testcases.IndexPageTest.verifyTitle(IndexPageTest.java:42)
at java.base/java.util.ArrayList.forEach(ArrayList.java:1511)
... Removed 32 stack frames]]>
    </failure>
  </testcase> <!-- verifyTitle -->
  <testcase classname="com.ecommerce.Testcases.OrderPageTest" name="verifyTotalPrice" time="12.395"/>
  <testcase classname="com.ecommerce.Testcases.SearchResultPageTest" name="productAvailabilityTest" time="6.587"/>
  <testcase classname="com.ecommerce.Testcases.AddToCartPageTest" name="addToCartTest" time="7.719"/>
  <testcase classname="com.ecommerce.Testcases.EndToEndTest" name="endToEndTest" time="35.151"/>
  <testcase classname="com.ecommerce.Testcases.AccountCreationPageTest" name="verifyCreateAccountPageTest" time="4.956"/>
  <testcase classname="com.ecommerce.Testcases.LoginPageTest" name="loginTest" time="8.387"/>
  <testcase classname="com.ecommerce.Testcases.HomePageTest" name="orderHistoryandDetailsTest" time="12.705"/>
  <testcase classname="com.ecommerce.Testcases.HomePageTest" name="wishListTest" time="7.575"/>
  <testcase classname="com.ecommerce.Base.BasePage" name="@AfterSuite afterSuite" time="0.0">
    <ignored/>
  </testcase> <!-- @AfterSuite afterSuite -->
  <testcase classname="com.ecommerce.Base.BasePage" name="@AfterSuite afterSuite" time="0.0">
    <ignored/>
  </testcase> <!-- @AfterSuite afterSuite -->
  <testcase classname="com.ecommerce.Base.BasePage" name="@AfterSuite afterSuite" time="0.0">
    <ignored/>
  </testcase> <!-- @AfterSuite afterSuite -->
  <testcase classname="com.ecommerce.Base.BasePage" name="@AfterSuite afterSuite" time="0.0">
    <ignored/>
  </testcase> <!-- @AfterSuite afterSuite -->
  <testcase classname="com.ecommerce.Base.BasePage" name="@AfterSuite afterSuite" time="0.0">
    <ignored/>
  </testcase> <!-- @AfterSuite afterSuite -->
  <testcase classname="com.ecommerce.Base.BasePage" name="@AfterSuite afterSuite" time="0.0">
    <ignored/>
  </testcase> <!-- @AfterSuite afterSuite -->
  <testcase classname="com.ecommerce.Base.BasePage" name="@AfterSuite afterSuite" time="0.0">
    <ignored/>
  </testcase> <!-- @AfterSuite afterSuite -->
  <testcase classname="com.ecommerce.Base.BasePage" name="@BeforeSuite loadConfig" time="0.0">
    <ignored/>
  </testcase> <!-- @BeforeSuite loadConfig -->
  <testcase classname="com.ecommerce.Base.BasePage" name="@BeforeSuite loadConfig" time="0.0">
    <ignored/>
  </testcase> <!-- @BeforeSuite loadConfig -->
  <testcase classname="com.ecommerce.Base.BasePage" name="@BeforeSuite loadConfig" time="0.0">
    <ignored/>
  </testcase> <!-- @BeforeSuite loadConfig -->
  <testcase classname="com.ecommerce.Base.BasePage" name="@BeforeSuite loadConfig" time="0.0">
    <ignored/>
  </testcase> <!-- @BeforeSuite loadConfig -->
  <testcase classname="com.ecommerce.Base.BasePage" name="@BeforeSuite loadConfig" time="0.0">
    <ignored/>
  </testcase> <!-- @BeforeSuite loadConfig -->
  <testcase classname="com.ecommerce.Base.BasePage" name="@BeforeSuite loadConfig" time="0.0">
    <ignored/>
  </testcase> <!-- @BeforeSuite loadConfig -->
  <testcase classname="com.ecommerce.Base.BasePage" name="@BeforeSuite loadConfig" time="0.0">
    <ignored/>
  </testcase> <!-- @BeforeSuite loadConfig -->
</testsuite> <!-- AllTests -->
