<?xml version="1.0" encoding="UTF-8"?>
<!-- Generated by org.testng.reporters.JUnitXMLReporter -->
<testsuite ignored="0" hostname="DESKTOP-H425LRN" failures="0" tests="4" name="FireFox" time="37.386" errors="0" timestamp="2022-05-21T13:48:07 EDT">
  <testcase classname="com.ecommerce.Testcases.IndexPageTest" name="verifyLogo" time="0.415"/>
  <testcase classname="com.ecommerce.Testcases.IndexPageTest" name="verifyLogo" time="0.176"/>
  <testcase classname="com.ecommerce.Testcases.IndexPageTest" name="verifyTitle" time="0.047"/>
  <testcase classname="com.ecommerce.Testcases.IndexPageTest" name="verifyTitle" time="0.013"/>
</testsuite> <!-- FireFox -->
